http://aftertheworkout.com
http://amoy4dgemoytop.pro/?content=casino&provider=sx
http://azadicharity.com
http://bjfnl.top
http://blaiquesconstruction.com
http://boostme.fun
http://c77df.top
http://clickgennix.com
http://corvusnoctua.com
http://cscpcmali.org
http://design-ring-my-8747288.live
http://designlaunchstudio.com
http://diawet1.click
http://easygsm-server.com/cart/group/212/service/imei/groupname/cart/group/264/service/imei/groupname/USA-Networks
http://electric-cars-9240.click
http://facebook-domain-verification0sl4i4prwcz30v1k42ko7bq7eoo1l9.com
http://fadesasheville.com
http://fb88.construction
http://files.saassa.gositebuilder.com/9e/c7/9ec79535-ff32-4376-9bc0-be5434a8698d.png
http://globaltx.xyz
http://goldpornchinese.com/gallery/geile-chinesin-mit-fetten-titten-fickt-hart-1515223/index.html
http://hmaquinas.com
http://holduphislight.cloud
http://ibex-animation.com
http://itscoldouthere.net
http://jlvfw.top
http://josephites-crossians.org
http://kd777slot.net
http://muyuge.net/info/3926859/66756843.html
http://muyuge.net/info/3927008/75092117.html
http://muyuge.net/info/3928348/79611671.html
http://muyuge.net/read/174801.html
http://myplaceinportugal.com
http://okyanusklima.com
http://paus777login.net
http://penelopesuh.com
http://quakboxpulse.net
http://racingagi.xyz
http://roomerza.com
http://saeal.com
http://sbjhindia.com
http://selby.wedding
http://stratifiedgames.com
http://terryiversonphotography.com
http://turkishvillasforsale.xyz
http://vcb29zk265.xyz
http://zy3678sr.vip
https://aislaserspb.ru/image/cache/catalog/api/5555_17142239374-550x550.jpg
https://iconoflvash.shop/product-category/michelle-a-clearythomas-e-abdenourmike-pavlovich/
https://newlyregddomains.com/2023-10-31/6
https://newlyregddomains.com/2024-04-25/5
https://newlyregddomains.com/2024-09-23/1
https://nohu-hoangkim.pro/
https://uniforium.com.tr/p/men-chef-coat-best-2/
https://us.ovhcloud.com/hosted-private-cloud/vmware/zerto/
https://vbetkayit.com/tag/vbet-guvenilir-bahis-sitesi/
https://www.google.com/maps/search/?api=1&query=35.75960,-79.01930
