https://newlyregddomains.com
http://ultimatedoortech.shop
http://nxxzzkov.black
http://xsmn.top
http://seventique.net
http://amoc-official.com
http://efficiency-apartments.today
http://sanag.tech
http://tecnologiatrends.xyz
http://bioshop.lat
http://188qfja0.top
http://premiumbitcoin.net
http://rtpkompastotojp.website
http://avatrsolar.com
http://ldihr.com
http://wepick.net
http://my-office-gate.cloud
http://hydro-bit.com
http://draggy.world
http://mobikerrepuestosmoto.com
http://kkb2377.net
http://kaya.black
http://1191terralago.website
http://collectionleadership.com
http://health-and-beauty-8j1q3m9i5v8.today
http://copywritingmanchester.net
http://homesteadthca.com
http://hittablez.top
http://ntg84.top
http://titanarcade408.top
http://edwardpca.top
http://xmaxcemara123.xyz
http://bitmax.bet
http://nrg84.top
http://us357.top
http://buy-pay-later-fr-yshkin.click
http://fortesproperties.com
http://mathysclonehero.xyz
http://510370.vip
http://089696358.com
http://ohana-aquatics.com
http://alaskavideography.com
http://zyqwgdf345.live
http://infielders-friend.shop
http://8shenyx.com
http://nba-bettingph.net
http://avtaohua-l0953.vip
http://biodespertares.com
http://pinched-nerve-821000638.click
http://blondieofsaratoga.com
http://zodi.pro
http://layacourtyard.com
http://byuu.tech
http://primeguard.solutions
http://striquesuperapp.xyz
http://compusoftausdigital.com
http://nepaltravelco.com
http://066099d.xyz
http://granstargran.com
http://doorofhopeuganda.org
http://be-data-scanning-tools-glob-112.sbs
http://revos.org
http://northbayhomesva.com
http://hammerbell.com
http://977bet.lol
https://jy758.app
http://memepix.xyz
http://gxadmin.com
http://moreclientel.info
http://998jy.vip
http://shipitspeedee.net
http://381jy.vip
http://3rng.top
http://socialflyeg.tech
http://awalslot-alternatif61.lat
http://laboissiere-poneyclub.com
http://padworld.club
http://electric-car-666453627.click
http://dxfz888.com
http://18nai.xyz
http://chainlinksend.com
http://513738357.xyz
http://10555.pet
https://jy350.app
http://globelbusinesss.com
http://evrcloudsolutions.com
http://aw12.net
http://gettraining.net
http://k3bet99.com
http://kodesyairmacau.site
http://indemandprint.net
http://atlasmotionworks.media
http://276674.wang
http://kpop365.info
http://84ncw.top
http://edgestartup.studio
http://pgtw.net
http://rebelliontradingcompany.com
http://d68dz.top
http://fast-campus-540962445.click
http://goatichathan.com
