newlyregddomains.com
oyb15.cyou
svetlanapankratova.online
uyfew.top
thedirectmailguy.net
karanghodapictures.net
jejaring.cloud
14t8s7.top
j3mmv.lol
u1vdq1lsju.shop
kelev587.top
gs-limited.net
jwys.top
izl2td.top
unlockdesire.shop
caisongqc.net
jgisd1.sbs
mekadukopikupa.online
ma123.tech
theaccountant.vip
rakbar.cyou
superlinks.shop
ma5ja.lol
c2j3i9h71bpk5da.skin
5syua0.sbs
basementwaterproofing.xyz
erfanart.cfd
stefdev.live
rosely.online
pinup-casino-pyx2.top
eoten.net
maxtvstreams.net
26435397.vip
fini.one
cnfans-yeezy-boost-v2-yeezy350-adidas.store
jnjpj.top
z35zt.top
maythe4thbewu.xyz
cyberwatch.pro
buildtrack.app
yellenli.top
thelocalshack.net
justlogoit.online
myawesomeprojectsite.info
drable-hub.info
138tk.top
iioys.top
lombll.shop
iiicse.top
zvlnv.top
erectile-dysfunction-treatment-58223.bond
fineclip.shop
8176.cfd
bildarci.rocks
bzzxx.top
gp0ldp.cyou
nusapedia.info
beeg.press
316431.lol
eniyitvhd.xyz
shzfjj.net
kokebsolomon.xyz
gjz7we.cfd
cloudine.xyz
frynss.shop
ks1321.pro
a4g5d.top
esahuwu.info
labfunzone.info
akbarfabric.store
luckeracasino.online
zfaw2z.sbs
dpbkrni9e7.shop
daviddev.online
qingloua12.top
dtjtvd.top
lajobmalls.xyz
abstractbets.win
gruposucessovip.cloud
beautybitcoin.online
rcaubt.sbs
hurriya.store
1717se1162.xyz
cileryma.rocks
basicbim.store
vb356.top
hifirodeo.online
launchedge.top
4yhb89.cfd
899882.lol
tianzikeji.net
digitalboostmedia.online
shoppp.xyz
kikenn.net
054994.lol
windowsnow.net
nnzlf.top
strawberrymoon.xyz
rtlnv.top
e48erpt.top
bet3019.online
dwjld9.cfd
hmv78.vip
rossanariveros.net
habitech.app
z93kt.top
pingju.info
yazitay.net
012dd.top
burnoutpraevention.training
bdaib.xyz
mensunglasses.top
gearupbaby.online
bca-bank.vip
myasiantv.foo
aftersolve.online
poppersbeta.fun
payholdx.top
285118.lol
locserv.cloud
duergy.top
bvlex.win
8x8x146.xyz
cohenconsulting.info
gazer.city
jokerplus.live
asenathb.rocks
ofthepeopleforthepeoplebythepeople.xyz
ricukonekusurana.online
aaaa1487.vip
yhwhsealeducationalassistant.info
aris.best
5iy21e.cfd
sonandmother02.top
vavadagsds.top
artifix.online
movsgz.sbs
yhc2bq.sbs
lukeracasino.online
beevishc.rocks
glvbjk.info
uczowbfoet.xyz
shww6qbzfywohjj.top
autonicae.online
ibkret.net
dkidz.store
73e3j.cyou
jenapage.studio
3954u3.sbs
aknextchapter.shop
y3jck4.cfd
4h7cra.sbs
bcreaturedqt.store
goodsbobbielivraria.store
onlineradio.fun
ekdf5.xyz
floatbed.top
toanpv2.click
567823874567892.top
isissioboxing.info
smartcapitalgrowthpartnersinfo.info
zaberuprav-online.online
nivearaja33.lat
xzgpu.top
kojuf1.top
zdnbb.top
lopwqer.xyz
yt-tcdf737.vip
bandot1000.pro
ki-evolve.tech
sbsnwordersplatform.online
gamebaidoithuong.miami
grantovsky.online
710gg.top
gdatatech.store
performxintl.online
coredetailing.net
38x1t2.top
02904001.email
idmfullcrack.xyz
xingwujy.top
robcanfield.realtor
tires-5711120.live
chetnik.rocks
tradingcharts.app
qlsi.xyz
f16801.pro
bestdrone.top
niklau.rocks
aicloser.ltd
adonismall.baby
h19o.xyz
px5.net
sugardeletetoday.shop
vzjgpb.cfd
olimpnm53.xyz
btcsolana.online
cv175.top
